0 verbose cli [
0 verbose cli   '/usr/local/bin/node',
0 verbose cli   '/usr/local/bin/npm',
0 verbose cli   'install',
0 verbose cli   'react-layered-image'
0 verbose cli ]
1 info using npm@8.5.5
2 info using node@v16.15.0
3 timing npm:load:whichnode Completed in 1ms
4 timing config:load:defaults Completed in 11ms
5 timing config:load:file:/usr/local/lib/node_modules/npm/npmrc Completed in 5ms
6 timing config:load:builtin Completed in 7ms
7 timing config:load:cli Completed in 10ms
8 timing config:load:env Completed in 3ms
9 timing config:load:project Completed in 9ms
10 timing config:load:file:/home/raspberry/.npmrc Completed in 1ms
11 timing config:load:user Completed in 1ms
12 timing config:load:file:/usr/local/etc/npmrc Completed in 1ms
13 timing config:load:global Completed in 3ms
14 timing config:load:validate Completed in 1ms
15 timing config:load:credentials Completed in 5ms
16 timing config:load:setEnvs Completed in 5ms
17 timing config:load Completed in 61ms
18 timing npm:load:configload Completed in 62ms
19 timing npm:load:setTitle Completed in 1ms
20 timing config:load:flatten Completed in 17ms
21 timing npm:load:display Completed in 27ms
22 verbose logfile /home/raspberry/.npm/_logs/2022-05-31T08_07_59_685Z-debug-0.log
23 timing npm:load:logFile Completed in 27ms
24 timing npm:load:timers Completed in 0ms
25 timing npm:load:configScope Completed in 0ms
26 timing npm:load Completed in 124ms
27 timing arborist:ctor Completed in 4ms
28 silly logfile start cleaning logs, removing 1 files
29 timing idealTree:init Completed in 312ms
30 timing idealTree:userRequests Completed in 10ms
31 silly idealTree buildDeps
32 silly fetch manifest react-layered-image@*
33 timing arborist:ctor Completed in 1ms
34 http fetch GET 200 https://registry.npmjs.org/react-layered-image 1478ms (cache miss)
35 silly placeDep ROOT react-layered-image@2.0.6 OK for:  want: *
36 silly fetch manifest react@^16.13.1
37 silly fetch manifest react-dom@^16.13.1
38 http fetch GET 200 https://registry.npmjs.org/react-dom 671ms (cache updated)
39 http fetch GET 200 https://registry.npmjs.org/react 939ms (cache updated)
40 timing idealTree:#root Completed in 2628ms
41 silly placeDep ROOT react@16.14.0 OK for: react-layered-image@2.0.6 want: ^16.13.1
42 silly placeDep ROOT react-dom@16.14.0 OK for: react-layered-image@2.0.6 want: ^16.13.1
43 silly fetch manifest loose-envify@^1.1.0
44 silly fetch manifest prop-types@^15.6.2
45 silly fetch manifest scheduler@^0.19.1
46 http fetch GET 200 https://registry.npmjs.org/prop-types 186ms (cache revalidated)
47 http fetch GET 200 https://registry.npmjs.org/loose-envify 196ms (cache updated)
48 http fetch GET 200 https://registry.npmjs.org/scheduler 512ms (cache updated)
49 timing idealTree:node_modules/react-layered-image Completed in 693ms
50 silly placeDep ROOT loose-envify@1.4.0 OK for: react@16.14.0 want: ^1.1.0
51 silly placeDep ROOT prop-types@15.8.1 OK for: react@16.14.0 want: ^15.6.2
52 silly fetch manifest js-tokens@^3.0.0 || ^4.0.0
53 silly fetch manifest react-is@^16.13.1
54 http fetch GET 200 https://registry.npmjs.org/js-tokens 138ms (cache updated)
55 http fetch GET 200 https://registry.npmjs.org/react-is 353ms (cache updated)
56 timing idealTree:node_modules/react Completed in 518ms
57 silly placeDep ROOT js-tokens@4.0.0 OK for: loose-envify@1.4.0 want: ^3.0.0 || ^4.0.0
58 timing idealTree:node_modules/loose-envify Completed in 12ms
59 timing idealTree:node_modules/js-tokens Completed in 1ms
60 silly placeDep ROOT react-is@16.13.1 OK for: prop-types@15.8.1 want: ^16.13.1
61 timing idealTree:node_modules/prop-types Completed in 15ms
62 silly placeDep ROOT scheduler@0.19.1 OK for: react-dom@16.14.0 want: ^0.19.1
63 timing idealTree:node_modules/react-dom Completed in 14ms
64 timing idealTree:node_modules/react-is Completed in 0ms
65 timing idealTree:node_modules/scheduler Completed in 0ms
66 timing idealTree:buildDeps Completed in 3892ms
67 timing idealTree:fixDepFlags Completed in 5ms
68 timing idealTree Completed in 4231ms
69 timing reify:loadTrees Completed in 4237ms
70 timing reify:diffTrees Completed in 20ms
71 silly reify moves {}
72 timing reify:retireShallow Completed in 2ms
73 timing reify:createSparse Completed in 13ms
74 timing reify:loadBundles Completed in 0ms
75 silly audit bulk request {
75 silly audit   '@types/component-emitter': [ '1.2.11' ],
75 silly audit   '@types/cookie': [ '0.4.1' ],
75 silly audit   '@types/cors': [ '2.8.12' ],
75 silly audit   '@types/node': [ '17.0.34' ],
75 silly audit   accepts: [ '1.3.8' ],
75 silly audit   base64id: [ '2.0.0' ],
75 silly audit   bindings: [ '1.5.0' ],
75 silly audit   'component-emitter': [ '1.3.0' ],
75 silly audit   cookie: [ '0.4.2' ],
75 silly audit   cors: [ '2.8.5' ],
75 silly audit   debug: [ '4.3.4' ],
75 silly audit   'engine.io': [ '6.2.0' ],
75 silly audit   'engine.io-parser': [ '5.0.4' ],
75 silly audit   epoll: [ '4.0.1' ],
75 silly audit   'file-uri-to-path': [ '1.0.0' ],
75 silly audit   fs: [ '0.0.1-security' ],
75 silly audit   http: [ '0.0.1-security' ],
75 silly audit   'lodash.debounce': [ '4.0.8' ],
75 silly audit   'mime-db': [ '1.52.0' ],
75 silly audit   'mime-types': [ '2.1.35' ],
75 silly audit   ms: [ '2.1.2' ],
75 silly audit   nan: [ '2.15.0' ],
75 silly audit   negotiator: [ '0.6.3' ],
75 silly audit   'object-assign': [ '4.1.1' ],
75 silly audit   onoff: [ '6.0.3' ],
75 silly audit   'socket.io': [ '4.5.1' ],
75 silly audit   'socket.io-adapter': [ '2.4.0' ],
75 silly audit   'socket.io-parser': [ '4.0.4' ],
75 silly audit   vary: [ '1.1.2' ],
75 silly audit   ws: [ '8.2.3' ],
75 silly audit   'react-layered-image': [ '2.0.6' ],
75 silly audit   react: [ '16.14.0' ],
75 silly audit   'react-dom': [ '16.14.0' ],
75 silly audit   'loose-envify': [ '1.4.0' ],
75 silly audit   'prop-types': [ '15.8.1' ],
75 silly audit   'js-tokens': [ '4.0.0' ],
75 silly audit   'react-is': [ '16.13.1' ],
75 silly audit   scheduler: [ '0.19.1' ]
75 silly audit }
76 silly tarball no local data for scheduler@https://registry.npmjs.org/scheduler/-/scheduler-0.19.1.tgz. Extracting by manifest.
77 silly tarball no local data for react-dom@https://registry.npmjs.org/react-dom/-/react-dom-16.14.0.tgz. Extracting by manifest.
78 silly tarball no local data for react@https://registry.npmjs.org/react/-/react-16.14.0.tgz. Extracting by manifest.
79 silly tarball no local data for react-layered-image@https://registry.npmjs.org/react-layered-image/-/react-layered-image-2.0.6.tgz. Extracting by manifest.
80 http fetch POST 200 https://registry.npmjs.org/-/npm/v1/security/advisories/bulk 462ms
81 timing auditReport:getReport Completed in 477ms
82 silly audit report {}
83 timing auditReport:init Completed in 0ms
84 timing reify:audit Completed in 482ms
85 timing reifyNode:node_modules/js-tokens Completed in 665ms
86 timing reifyNode:node_modules/loose-envify Completed in 680ms
87 timing reifyNode:node_modules/react-is Completed in 697ms
88 timing reifyNode:node_modules/prop-types Completed in 738ms
89 http fetch GET 200 https://registry.npmjs.org/scheduler/-/scheduler-0.19.1.tgz 830ms (cache miss)
90 timing reifyNode:node_modules/scheduler Completed in 907ms
91 http fetch GET 200 https://registry.npmjs.org/react/-/react-16.14.0.tgz 879ms (cache miss)
92 timing reifyNode:node_modules/react Completed in 1005ms
93 http fetch GET 200 https://registry.npmjs.org/react-dom/-/react-dom-16.14.0.tgz 1154ms (cache miss)
94 timing reifyNode:node_modules/react-dom Completed in 1255ms
95 http fetch GET 200 https://registry.npmjs.org/react-layered-image/-/react-layered-image-2.0.6.tgz 1177ms (cache miss)
96 timing reifyNode:node_modules/react-layered-image Completed in 1338ms
97 timing reify:unpack Completed in 1346ms
98 timing reify:unretire Completed in 0ms
99 timing build:queue Completed in 21ms
100 timing build:link:node_modules/loose-envify Completed in 14ms
101 timing build:link Completed in 15ms
102 timing build:deps Completed in 38ms
103 timing build Completed in 39ms
104 timing reify:build Completed in 42ms
105 timing reify:trash Completed in 0ms
106 timing reify:save Completed in 77ms
107 timing reify Completed in 5923ms
108 silly ADD node_modules/scheduler
109 silly ADD node_modules/react-is
110 silly ADD node_modules/js-tokens
111 silly ADD node_modules/prop-types
112 silly ADD node_modules/loose-envify
113 silly ADD node_modules/react-dom
114 silly ADD node_modules/react
115 silly ADD node_modules/react-layered-image
116 timing command:install Completed in 5963ms
117 verbose exit 0
118 timing npm Completed in 7941ms
119 info ok
