0 verbose cli [ '/usr/local/bin/node', '/usr/local/bin/npm', 'install', 'fs' ]
1 info using npm@8.5.5
2 info using node@v16.15.0
3 timing npm:load:whichnode Completed in 1ms
4 timing config:load:defaults Completed in 13ms
5 timing config:load:file:/usr/local/lib/node_modules/npm/npmrc Completed in 7ms
6 timing config:load:builtin Completed in 9ms
7 timing config:load:cli Completed in 10ms
8 timing config:load:env Completed in 3ms
9 timing config:load:file:/home/raspberry/Desktop/Test gpio/New/backend/.npmrc Completed in 3ms
10 timing config:load:project Completed in 42ms
11 timing config:load:file:/home/raspberry/.npmrc Completed in 1ms
12 timing config:load:user Completed in 4ms
13 timing config:load:file:/usr/local/etc/npmrc Completed in 1ms
14 timing config:load:global Completed in 3ms
15 timing config:load:validate Completed in 1ms
16 timing config:load:credentials Completed in 7ms
17 timing config:load:setEnvs Completed in 18ms
18 timing config:load Completed in 117ms
19 timing npm:load:configload Completed in 119ms
20 timing npm:load:setTitle Completed in 3ms
21 timing config:load:flatten Completed in 19ms
22 timing npm:load:display Completed in 40ms
23 verbose logfile /home/raspberry/.npm/_logs/2022-05-27T12_34_37_779Z-debug-0.log
24 timing npm:load:logFile Completed in 30ms
25 timing npm:load:timers Completed in 0ms
26 timing npm:load:configScope Completed in 0ms
27 timing npm:load Completed in 200ms
28 timing arborist:ctor Completed in 6ms
29 silly logfile start cleaning logs, removing 1 files
30 timing idealTree:init Completed in 628ms
31 timing idealTree:userRequests Completed in 9ms
32 silly idealTree buildDeps
33 silly fetch manifest fs@*
34 timing arborist:ctor Completed in 1ms
35 http fetch GET 200 https://registry.npmjs.org/fs 843ms (cache revalidated)
36 silly placeDep ROOT fs@0.0.1-security OK for:  want: *
37 timing idealTree:#root Completed in 898ms
38 timing idealTree:node_modules/fs Completed in 0ms
39 timing idealTree:buildDeps Completed in 907ms
40 timing idealTree:fixDepFlags Completed in 10ms
41 timing idealTree Completed in 1575ms
42 timing reify:loadTrees Completed in 1582ms
43 timing reify:diffTrees Completed in 29ms
44 silly reify moves {}
45 timing reify:retireShallow Completed in 3ms
46 timing reify:createSparse Completed in 15ms
47 timing reify:loadBundles Completed in 0ms
48 silly audit bulk request {
48 silly audit   '@types/component-emitter': [ '1.2.11' ],
48 silly audit   '@types/cookie': [ '0.4.1' ],
48 silly audit   '@types/cors': [ '2.8.12' ],
48 silly audit   '@types/node': [ '17.0.35' ],
48 silly audit   accepts: [ '1.3.8' ],
48 silly audit   'array-flatten': [ '1.1.1' ],
48 silly audit   base64id: [ '2.0.0' ],
48 silly audit   'body-parser': [ '1.20.0' ],
48 silly audit   debug: [ '2.6.9', '4.3.4' ],
48 silly audit   ms: [ '2.0.0', '2.1.2', '2.1.3' ],
48 silly audit   bytes: [ '3.1.2' ],
48 silly audit   'call-bind': [ '1.0.2' ],
48 silly audit   'component-emitter': [ '1.3.0' ],
48 silly audit   'content-disposition': [ '0.5.4' ],
48 silly audit   'content-type': [ '1.0.4' ],
48 silly audit   cookie: [ '0.4.2', '0.5.0' ],
48 silly audit   'cookie-signature': [ '1.0.6' ],
48 silly audit   cors: [ '2.8.5' ],
48 silly audit   depd: [ '2.0.0' ],
48 silly audit   destroy: [ '1.2.0' ],
48 silly audit   'ee-first': [ '1.1.1' ],
48 silly audit   encodeurl: [ '1.0.2' ],
48 silly audit   'engine.io': [ '6.2.0' ],
48 silly audit   'engine.io-parser': [ '5.0.4' ],
48 silly audit   'escape-html': [ '1.0.3' ],
48 silly audit   etag: [ '1.8.1' ],
48 silly audit   express: [ '4.18.1' ],
48 silly audit   finalhandler: [ '1.2.0' ],
48 silly audit   forwarded: [ '0.2.0' ],
48 silly audit   fresh: [ '0.5.2' ],
48 silly audit   'function-bind': [ '1.1.1' ],
48 silly audit   'get-intrinsic': [ '1.1.1' ],
48 silly audit   has: [ '1.0.3' ],
48 silly audit   'has-symbols': [ '1.0.3' ],
48 silly audit   http: [ '0.0.1-security' ],
48 silly audit   'http-errors': [ '2.0.0' ],
48 silly audit   'iconv-lite': [ '0.4.24' ],
48 silly audit   inherits: [ '2.0.4' ],
48 silly audit   'ipaddr.js': [ '1.9.1' ],
48 silly audit   'media-typer': [ '0.3.0' ],
48 silly audit   'merge-descriptors': [ '1.0.1' ],
48 silly audit   methods: [ '1.1.2' ],
48 silly audit   mime: [ '1.6.0' ],
48 silly audit   'mime-db': [ '1.52.0' ],
48 silly audit   'mime-types': [ '2.1.35' ],
48 silly audit   negotiator: [ '0.6.3' ],
48 silly audit   'object-assign': [ '4.1.1' ],
48 silly audit   'object-inspect': [ '1.12.2' ],
48 silly audit   'on-finished': [ '2.4.1' ],
48 silly audit   parseurl: [ '1.3.3' ],
48 silly audit   'path-to-regexp': [ '0.1.7' ],
48 silly audit   'proxy-addr': [ '2.0.7' ],
48 silly audit   qs: [ '6.10.3' ],
48 silly audit   'range-parser': [ '1.2.1' ],
48 silly audit   'raw-body': [ '2.5.1' ],
48 silly audit   'safe-buffer': [ '5.2.1' ],
48 silly audit   'safer-buffer': [ '2.1.2' ],
48 silly audit   send: [ '0.18.0' ],
48 silly audit   'serve-static': [ '1.15.0' ],
48 silly audit   setprototypeof: [ '1.2.0' ],
48 silly audit   'side-channel': [ '1.0.4' ],
48 silly audit   'socket.io': [ '4.5.1' ],
48 silly audit   'socket.io-adapter': [ '2.4.0' ],
48 silly audit   'socket.io-parser': [ '4.0.4' ],
48 silly audit   statuses: [ '2.0.1' ],
48 silly audit   toidentifier: [ '1.0.1' ],
48 silly audit   'type-is': [ '1.6.18' ],
48 silly audit   unpipe: [ '1.0.0' ],
48 silly audit   'utils-merge': [ '1.0.1' ],
48 silly audit   vary: [ '1.1.2' ],
48 silly audit   ws: [ '8.2.3' ],
48 silly audit   fs: [ '0.0.1-security' ]
48 silly audit }
49 timing reifyNode:node_modules/fs Completed in 127ms
50 timing reify:unpack Completed in 129ms
51 timing reify:unretire Completed in 0ms
52 timing build:queue Completed in 4ms
53 timing build:deps Completed in 7ms
54 timing build Completed in 8ms
55 timing reify:build Completed in 12ms
56 timing reify:trash Completed in 1ms
57 timing reify:save Completed in 213ms
58 http fetch POST 200 https://registry.npmjs.org/-/npm/v1/security/advisories/bulk 421ms
59 timing auditReport:getReport Completed in 441ms
60 silly audit report {}
61 timing auditReport:init Completed in 1ms
62 timing reify:audit Completed in 449ms
63 timing reify Completed in 2220ms
64 silly ADD node_modules/fs
65 timing command:install Completed in 2277ms
66 verbose exit 0
67 timing npm Completed in 4563ms
68 info ok
