** Message: 15:59:31.141: environement.vala:58: Exporting primary_variable
** Message: 15:59:31.141: environement.vala:59: desktop_environnement XDG_CURRENT_DESKTOP
** Message: 15:59:31.141: environement.vala:150: confir_dirs is null, export : /etc/xdg
** Message: 15:59:31.141: environement.vala:184: Exporting XDG_CONFIG_DIRS
** Message: 15:59:31.142: environement.vala:218: custom_data :
** Message: 15:59:31.142: environement.vala:219: data_dirs :/usr/share/fkms:/usr/local/share:/usr/share/raspi-ui-overrides:/usr/share:/usr/share/gdm:/var/lib/menu-xdg
** Message: 15:59:31.142: environement.vala:220: data_dirs not null, export : /usr/share/fkms:/usr/local/share:/usr/share/raspi-ui-overrides:/usr/share:/usr/share/gdm:/var/lib/menu-xdg
** Message: 15:59:31.142: environement.vala:225: Exporting XDG_DATA_DIRS
** Message: 15:59:31.151: utils.vala:127: User config used : /home/raspberry/.config/lxsession/LXDE-pi/desktop.conf
** Message: 15:59:31.151: utils.vala:148: Final file used : /home/raspberry/.config/lxsession/LXDE-pi/desktop.conf
** Message: 15:59:31.151: utils.vala:39: Config system location : /etc/xdg/lxsession/LXDE-pi
** Message: 15:59:31.155: utils.vala:45: System system path location : /etc/xdg/lxsession/LXDE-pi/desktop.conf
** Message: 15:59:31.159: settings.vala:540: Le fichier de clés ne contient pas de clé « iGtk/ColorScheme » dans le groupe « GTK »
** Message: 15:59:31.159: settings.vala:540: Le fichier de clés ne contient pas de clé « windows_manager/command » dans le groupe « Session »
** Message: 15:59:31.159: settings.vala:540: Le fichier de clés ne contient pas de clé « panel/command » dans le groupe « Session »
** Message: 15:59:31.159: settings.vala:540: Le fichier de clés ne contient pas de clé « dock/command » dans le groupe « Session »
** Message: 15:59:31.159: settings.vala:540: Le fichier de clés ne contient pas de clé « file_manager/command » dans le groupe « Session »
** Message: 15:59:31.159: settings.vala:540: Le fichier de clés ne contient pas de clé « desktop_manager/command » dans le groupe « Session »
** Message: 15:59:31.159: settings.vala:540: Le fichier de clés ne contient pas de clé « launcher_manager/autostart » dans le groupe « Session »
** Message: 15:59:31.159: settings.vala:540: Le fichier de clés ne contient pas de clé « composite_manager/command » dans le groupe « Session »
** Message: 15:59:31.159: settings.vala:540: Le fichier de clés ne contient pas de clé « im1/command » dans le groupe « Session »
** Message: 15:59:31.160: settings.vala:540: Le fichier de clés ne contient pas de clé « im2/command » dans le groupe « Session »
** Message: 15:59:31.160: settings.vala:540: Le fichier de clés ne contient pas de clé « widget1/command » dans le groupe « Session »
** Message: 15:59:31.160: settings.vala:540: Le fichier de clés ne contient pas de clé « notification/command » dans le groupe « Session »
** Message: 15:59:31.160: settings.vala:540: Le fichier de clés ne contient pas de clé « keybindings/command » dans le groupe « Session »
** Message: 15:59:31.160: settings.vala:540: Le fichier de clés ne contient pas de clé « im_manager/command » dans le groupe « Session »
** Message: 15:59:31.160: settings.vala:540: Le fichier de clés ne contient pas de clé « screensaver/command » dans le groupe « Session »
** Message: 15:59:31.160: settings.vala:540: Le fichier de clés ne contient pas de clé « power_manager/command » dans le groupe « Session »
** Message: 15:59:31.160: settings.vala:540: Le fichier de clés ne contient pas de clé « audio_manager/command » dans le groupe « Session »
** Message: 15:59:31.160: settings.vala:540: Le fichier de clés ne contient pas de clé « workspace_manager/command » dans le groupe « Session »
** Message: 15:59:31.160: settings.vala:540: Le fichier de clés ne contient pas de clé « screenshot_manager/command » dans le groupe « Session »
** Message: 15:59:31.160: settings.vala:540: Le fichier de clés ne contient pas de clé « message_manager/command » dans le groupe « Session »
** Message: 15:59:31.161: settings.vala:540: Le fichier de clés ne contient pas de clé « upgrade_manager/command » dans le groupe « Session »
** Message: 15:59:31.161: settings.vala:540: Le fichier de clés ne contient pas de clé « updates_manager/command » dans le groupe « Session »
** Message: 15:59:31.161: settings.vala:540: Le fichier de clés ne contient pas de clé « updates_manager/timeout » dans le groupe « Session »
** Message: 15:59:31.161: settings.vala:540: Le fichier de clés ne contient pas de clé « crash_manager/command » dans le groupe « Session »
** Message: 15:59:31.161: settings.vala:540: Le fichier de clés ne contient pas de clé « crash_manager/dev_mode » dans le groupe « Session »
** Message: 15:59:31.161: settings.vala:540: Le fichier de clés ne contient pas de clé « crash_manager/timeout » dans le groupe « Session »
** Message: 15:59:31.161: settings.vala:540: Le fichier de clés ne contient pas de clé « upstart_user_session » dans le groupe « Session »
** Message: 15:59:31.161: settings.vala:540: Le fichier de clés ne contient pas de clé « proxy_manager/http » dans le groupe « Session »
** Message: 15:59:31.161: settings.vala:540: Le fichier de clés ne contient pas de clé « a11y/command » dans le groupe « Session »
** Message: 15:59:31.161: settings.vala:540: Le fichier de clés ne contient pas de clé « xrandr/command » dans le groupe « Session »
** Message: 15:59:31.161: settings.vala:540: Le fichier de clés ne contient pas de clé « network_gui/command » dans le groupe « Session »
** Message: 15:59:31.161: settings.vala:540: Le fichier de clés ne contient pas de clé « webbrowser/command » dans le groupe « Session »
** Message: 15:59:31.162: settings.vala:540: Le fichier de clés ne contient pas de clé « email/command » dans le groupe « Session »
** Message: 15:59:31.162: settings.vala:540: Le fichier de clés ne contient pas de clé « pdf_reader/command » dans le groupe « Session »
** Message: 15:59:31.162: settings.vala:540: Le fichier de clés ne contient pas de clé « video_player/command » dans le groupe « Session »
** Message: 15:59:31.162: settings.vala:540: Le fichier de clés ne contient pas de clé « audio_player/command » dans le groupe « Session »
** Message: 15:59:31.162: settings.vala:540: Le fichier de clés ne contient pas de clé « image_display/command » dans le groupe « Session »
** Message: 15:59:31.162: settings.vala:540: Le fichier de clés ne contient pas de clé « text_editor/command » dans le groupe « Session »
** Message: 15:59:31.162: settings.vala:540: Le fichier de clés ne contient pas de clé « archive/command » dans le groupe « Session »
** Message: 15:59:31.162: settings.vala:540: Le fichier de clés ne contient pas de clé « charmap/command » dans le groupe « Session »
** Message: 15:59:31.162: settings.vala:540: Le fichier de clés ne contient pas de clé « calculator/command » dans le groupe « Session »
** Message: 15:59:31.162: settings.vala:540: Le fichier de clés ne contient pas de clé « spreadsheet/command » dans le groupe « Session »
** Message: 15:59:31.162: settings.vala:540: Le fichier de clés ne contient pas de clé « bittorent/command » dans le groupe « Session »
** Message: 15:59:31.162: settings.vala:540: Le fichier de clés ne contient pas de clé « document/command » dans le groupe « Session »
** Message: 15:59:31.163: settings.vala:540: Le fichier de clés ne contient pas de clé « webcam/command » dans le groupe « Session »
** Message: 15:59:31.163: settings.vala:540: Le fichier de clés ne contient pas de clé « burn/command » dans le groupe « Session »
** Message: 15:59:31.163: settings.vala:540: Le fichier de clés ne contient pas de clé « notes/command » dans le groupe « Session »
** Message: 15:59:31.163: settings.vala:540: Le fichier de clés ne contient pas de clé « disk_utility/command » dans le groupe « Session »
** Message: 15:59:31.163: settings.vala:540: Le fichier de clés ne contient pas de clé « tasks/command » dans le groupe « Session »
** Message: 15:59:31.163: settings.vala:540: Le fichier de clés n’a pas de groupe « Keymap »
** Message: 15:59:31.163: settings.vala:540: Le fichier de clés ne contient pas de clé « laptop_mode » dans le groupe « State »
** Message: 15:59:31.163: settings.vala:540: Le fichier de clés ne contient pas de clé « gnome » dans le groupe « Dbus »
** Message: 15:59:31.163: settings.vala:540: Le fichier de clés ne contient pas de clé « type » dans le groupe « Environment »
** Message: 15:59:31.163: settings.vala:540: Le fichier de clés ne contient pas de clé « ubuntu_menuproxy » dans le groupe « Environment »
** Message: 15:59:31.163: settings.vala:540: Le fichier de clés ne contient pas de clé « toolkit_integration » dans le groupe « Environment »
** Message: 15:59:31.163: settings.vala:540: Le fichier de clés ne contient pas de clé « gtk/overlay_scrollbar_disable » dans le groupe « Environment »
** Message: 15:59:31.164: settings.vala:540: Le fichier de clés ne contient pas de clé « qt/force_theme » dans le groupe « Environment »
** Message: 15:59:31.164: settings.vala:540: Le fichier de clés ne contient pas de clé « qt/platform » dans le groupe « Environment »
** Message: 15:59:31.165: settings.vala:462: Monitoring: /home/raspberry/.config/lxsession/LXDE-pi/desktop.conf
** Message: 15:59:31.165: settings.vala:466: Desktop file is already in config home, do nothing
** Message: 15:59:31.165: environement.vala:79: Exporting variable
** Message: 15:59:31.165: environement.vala:80: desktop_environnement XDG_CURRENT_DESKTOP
** Message: 15:59:31.165: environement.vala:177: custom_config :
** Message: 15:59:31.165: environement.vala:178: config_dirs :/etc/xdg
** Message: 15:59:31.165: environement.vala:179: confir_dirs not null, export : /etc/xdg
** Message: 15:59:31.165: environement.vala:184: Exporting XDG_CONFIG_DIRS
** Message: 15:59:31.165: environement.vala:218: custom_data :
** Message: 15:59:31.165: environement.vala:219: data_dirs :/usr/share/fkms:/usr/local/share:/usr/share/raspi-ui-overrides:/usr/share:/usr/share/gdm:/var/lib/menu-xdg
** Message: 15:59:31.165: environement.vala:220: data_dirs not null, export : /usr/share/fkms:/usr/local/share:/usr/share/raspi-ui-overrides:/usr/share:/usr/share/gdm:/var/lib/menu-xdg
** Message: 15:59:31.166: environement.vala:225: Exporting XDG_DATA_DIRS
** Message: 15:59:31.166: utils.vala:39: Config system location : /etc/xdg/lxsession/LXDE-pi
** Message: 15:59:31.166: utils.vala:45: System system path location : /etc/xdg/lxsession/LXDE-pi/desktop.conf
** Message: 15:59:31.166: environement.vala:254: No entry in [Environment_variable]. Le fichier de clés n’a pas de groupe « Environment_variable »

** (lxsession:652): WARNING **: 15:59:31.174: process.vala:49: L’exécution du processus fils « xprop » a échoué (Aucun fichier ou dossier de ce type)

** (lxsession:652): WARNING **: 15:59:31.174: process.vala:50: Error when launching xprop
** Message: 15:59:31.174: utils.vala:138: Config system location : /etc/xdg/lxsession/LXDE-pi
** Message: 15:59:31.174: utils.vala:144: System system path location : /etc/xdg/lxsession/LXDE-pi/conffiles.conf
** Message: 15:59:31.174: utils.vala:148: Final file used : /etc/xdg/lxsession/LXDE-pi/conffiles.conf
** Message: 15:59:31.174: options.vala:164: Activate xsettings_manager build-in
** Message: 15:59:31.174: utils.vala:39: Config system location : /etc/xdg/lxsession/LXDE-pi
** Message: 15:59:31.174: utils.vala:45: System system path location : /etc/xdg/lxsession/LXDE-pi/desktop.conf
** Message: 15:59:31.196: app.vala:728: polkit separate
** Message: 15:59:31.196: app.vala:728: polkit separate
** Message: 15:59:31.206: app.vala:76: Launching lxpolkit 
** Message: 15:59:31.206: utils.vala:138: Config system location : /etc/xdg/lxsession/LXDE-pi
** Message: 15:59:31.207: utils.vala:144: System system path location : /etc/xdg/lxsession/LXDE-pi/autostart
** Message: 15:59:31.207: utils.vala:148: Final file used : /etc/xdg/lxsession/LXDE-pi/autostart
** Message: 15:59:31.207: autostart.vala:42: Autostart path : /etc/xdg/lxsession/LXDE-pi/autostart
** Message: 15:59:31.224: app.vala:76: Launching lxpanel 
** Message: 15:59:31.245: app.vala:76: Launching pcmanfm 

** (lxsession:652): WARNING **: 15:59:31.251: app.vala:86: L’exécution du processus fils « xscreensaver » a échoué (Aucun fichier ou dossier de ce type)

** (lxsession:652): WARNING **: 15:59:31.251: app.vala:87: Error when launching xscreensaver
** Message: 15:59:31.265: options.vala:107: Create build-in Clipboard
** Message: 15:59:31.268: main.vala:450: Check keymap_mode (null)
** Message: 15:59:31.274: app.vala:76: Launching /usr/bin/ssh-agent 
SSH_AUTH_SOCK=/tmp/ssh-psU8IRB55FSj/agent.877; export SSH_AUTH_SOCK;
SSH_AGENT_PID=888; export SSH_AGENT_PID;
echo Agent pid 888;
** Message: 15:59:31.805: app.vala:130: /usr/bin/ssh-agent exit with this type of exit: 0
Openbox-Message: Impossible de trouver un fichier de menus valide  « /usr/share/lxde/openbox/menu.xml »
** Message: 15:59:33.055: x-terminal-emulator has very limited support, consider choosing another terminal

** (pcmanfm:874): WARNING **: 15:59:33.061: The directory '/home/raspberry/Templates' doesn't exist, ignoring it
** Message: 15:59:33.261: x-terminal-emulator has very limited support, consider choosing another terminal

** (lxpanel:871): WARNING **: 15:59:33.267: The directory '/home/raspberry/Templates' doesn't exist, ignoring it
** Message: 15:59:35.332: Connecting ...
** Message: 15:59:35.332: Status changed to down

** (lxpanel:871): CRITICAL **: 15:59:35.333: dhcpcd_open: Ioctl() inapproprié pour un périphérique
Unit pt-device-manager.service could not be found.
Unit pi-topd.service could not be found.

** (lxpanel:871): WARNING **: 15:59:35.549: Battery 0 not found
** Message: 15:59:35.931: up: Checking for updates
** Message: 15:59:36.334: Status changed to opened
** Message: 15:59:36.335: Connected to dhcpcd-8.1.2
** Message: 15:59:36.336: Status changed to connected
** Message: 15:59:36.336: eth0: Link is down
** Message: 15:59:36.336: wlan0: Associated with JUNIA_STUDENTS
** Message: 15:59:36.336: wlan0: Configured 10.222.3.254/16
** Message: 15:59:36.361: wlan0: WPA status connected
** Message: 15:59:56.390: up: Cache updated - comparing versions
** Message: 15:59:58.943: wlan0: Unknown link state 10.222.3.254/16
** Message: 16:00:07.506: up: Check complete - 4 updates available
** Message: 16:00:34.823: wlan0: Unknown link state 10.222.3.254/16
** Message: 16:01:10.423: wlan0: Unknown link state 10.222.3.254/16

(pcmanfm:874): Gtk-WARNING **: 16:01:35.390: Theme parsing error: <data>:2:27: The style property GtkWidget:focus-padding is deprecated and shouldn't be used anymore. It will be removed in a future version

(pcmanfm:874): Gtk-WARNING **: 16:01:35.391: Theme parsing error: <data>:3:30: The style property GtkWidget:focus-line-width is deprecated and shouldn't be used anymore. It will be removed in a future version

(pcmanfm:874): Gtk-WARNING **: 16:01:38.946: gtk_menu_detach(): menu is not attached
** Message: 16:01:45.253: wlan0: Unknown link state 10.222.3.254/16
** Message: 16:02:20.253: wlan0: Unknown link state 10.222.3.254/16
** Message: 16:02:55.453: wlan0: Unknown link state 10.222.3.254/16
